<?xml version="1.0" encoding="UTF-8"?>
<!-- Generated by org.testng.reporters.JUnitReportReporter -->
<testsuite skipped="0" hostname="Admins-MBP-2.Dlink" name="testScripts.TC_LGN_02" tests="1" failures="0" timestamp="07 Mar 2020 06:36:41 GMT" time="7.383" errors="0">
  <testcase name="loginCase" time="7.383" classname="testScripts.TC_LGN_02"/>
</testsuite> <!-- testScripts.TC_LGN_02 -->
