<?xml version="1.0" encoding="UTF-8"?>
<!-- Generated by org.testng.reporters.JUnitReportReporter -->
<testsuite skipped="0" hostname="Admins-MBP-2.Dlink" name="testScripts.TC_LGN_01" tests="1" failures="0" timestamp="07 Mar 2020 06:35:36 GMT" time="7.224" errors="0">
  <testcase name="loginCase" time="7.224" classname="testScripts.TC_LGN_01"/>
</testsuite> <!-- testScripts.TC_LGN_01 -->
