<?xml version="1.0" encoding="UTF-8"?>
<!-- Generated by org.testng.reporters.JUnitReportReporter -->
<testsuite skipped="0" hostname="Admins-MBP-2.Dlink" name="testScripts.TC_LGN_01" tests="1" failures="0" timestamp="07 Mar 2020 05:54:18 GMT" time="22.574" errors="0">
  <testcase name="loginCase" time="22.574" classname="testScripts.TC_LGN_01"/>
</testsuite> <!-- testScripts.TC_LGN_01 -->
